<?xml version="1.0" encoding="UTF-8"?>
<!-- Generated by org.testng.reporters.JUnitXMLReporter -->
<testsuite hostname="Sampada-PC" ignored="0" name="Test" tests="3" failures="0" timestamp="09 Feb 2019 12:49:21 GMT" time="35.704" errors="0">
  <testcase name="verifyTitleTest" time="0.04" classname="com.facebook.TestCases.LoginPageTest"/>
  <testcase name="verifyLoginTest" time="26.629" classname="com.facebook.TestCases.LoginPageTest"/>
  <testcase name="signup" time="8.894" classname="com.facebook.TestCases.SignUpPageTest"/>
</testsuite> <!-- Test -->
